<?xml version="1.0" encoding="UTF-8"?>
<testsuite name="programar reunion" tests="1" skipped="0" failures="0" errors="0" timestamp="2023-08-13T16:59:31" hostname="DESKTOP-4V0UC4E" time="45.126">
  <properties/>
  <testcase name="Programar reunión exitosa" classname="programar reunion" time="45.126"/>
  <system-out><![CDATA[]]></system-out>
  <system-err><![CDATA[log4j:WARN No appenders could be found for logger (io.netty.util.internal.logging.InternalLoggerFactory).
log4j:WARN Please initialize the log4j system properly.
log4j:WARN See http://logging.apache.org/log4j/1.2/faq.html#noconfig for more info.
Starting ChromeDriver 114.0.5735.90 (386bc09e8f4f2e025eddae123f36f6263096ae49-refs/branch-heads/5735@{#1052}) on port 59792
Only local connections are allowed.
Please see https://chromedriver.chromium.org/security-considerations for suggestions on keeping ChromeDriver safe.
ChromeDriver was started successfully.
[1691945978.737][WARNING]: This version of ChromeDriver has not been tested with Chrome version 115.
ago 13, 2023 11:59:38 AM org.openqa.selenium.remote.ProtocolHandshake createSession
INFORMACIÓN: Detected upstream dialect: W3C
ago 13, 2023 11:59:38 AM org.openqa.selenium.devtools.CdpVersionFinder findNearestMatch
ADVERTENCIA: Unable to find an exact match for CDP version 115, so returning the closest version found: a no-op implementation
ago 13, 2023 11:59:38 AM org.openqa.selenium.devtools.CdpVersionFinder findNearestMatch
INFORMACIÓN: Unable to find CDP implementation matching 115.
ago 13, 2023 11:59:38 AM org.openqa.selenium.chromium.ChromiumDriver lambda$new$3
ADVERTENCIA: Unable to find version of CDP to use for . You may need to include a dependency on a specific version of the CDP using something similar to `org.seleniumhq.selenium:selenium-devtools-v86:4.4.0` where the version ("v86") matches the version of the chromium-based browser you're using and the version number of the artifact is the same as Selenium's.
ago 13, 2023 11:59:46 AM co.com.choucair.ejemplo.stepdefinitions.Demo2StepDefinitions initialConfigurationDektop
INFORMACIÓN: Ingreso a URL correctamente
ago 13, 2023 11:59:50 AM co.com.choucair.ejemplo.stepdefinitions.Demo2StepDefinitions elAdministradorIniciaSesion
INFORMACIÓN: Login realizado correctamente
ago 13, 2023 11:59:53 AM co.com.choucair.ejemplo.stepdefinitions.Demo2StepDefinitions elAdministradorCreaLaUnidadDeNegocio
INFORMACIÓN: Menú Unidad de negocio seleccionado correctamente
ago 13, 2023 11:59:56 AM co.com.choucair.ejemplo.stepdefinitions.Demo2StepDefinitions elAdministradorCreaLaUnidadDeNegocio
INFORMACIÓN: Menú Unidad de negocio creada correctamente
ago 13, 2023 12:00:00 PM co.com.choucair.ejemplo.stepdefinitions.Demo2StepDefinitions elAdministradorProgramaLaReunion
INFORMACIÓN: Menú reunión seleccionada correctamente
ago 13, 2023 12:00:13 PM co.com.choucair.ejemplo.stepdefinitions.Demo2StepDefinitions elAdministradorProgramaLaReunion
INFORMACIÓN: Reunion creada correctamente con los siguientes datos: | nombreReunion      | tipoReunion | numeroReunion | ubicacionReunion | unidadReunion | organizadorReunion | reporteroReunion |
| Planeacion mensual | Team Weekly | R_12          | HQ-01            | unidad two    | Sara Torres        | James Jones      |

ago 13, 2023 12:00:15 PM co.com.choucair.ejemplo.stepdefinitions.Demo2StepDefinitions laReunionSeProgramaraDeManeraExitosa
INFORMACIÓN: Aserción realizada con éxito
ago 13, 2023 12:00:15 PM co.com.choucair.ejemplo.stepdefinitions.Demo2StepDefinitions laReunionSeProgramaraDeManeraExitosa
INFORMACIÓN: Datos esperados: [Planeacion mensual, Team Weekly, R_12, HQ-01, unidad two, Sara Torres, James Jones]
ago 13, 2023 12:00:15 PM co.com.choucair.ejemplo.stepdefinitions.Demo2StepDefinitions laReunionSeProgramaraDeManeraExitosa
INFORMACIÓN: Datos obtenidos: [Planeacion mensual, Team Weekly, R_12, HQ-01, unidad two, Sara Torres, James Jones]
]]></system-err>
</testsuite>
